
  .   ____          _            __ _ _
 /\\ / ___'_ __ _ _(_)_ __  __ _ \ \ \ \
( ( )\___ | '_ | '_| | '_ \/ _` | \ \ \ \
 \\/  ___)| |_)| | | | | || (_| |  ) ) ) )
  '  |____| .__|_| |_|_| |_\__, | / / / /
 =========|_|==============|___/=/_/_/_/
 :: Spring Boot ::                (v2.4.2)

13:31:17.601 INFO  [File:RepositoryConfigurationDelegate.java] [Func:registerRepositoriesIn] [Line:128] [Message:Bootstrapping Spring Data JPA repositories in DEFAULT mode.]- Bootstrapping Spring Data JPA repositories in DEFAULT mode.
13:31:17.647 INFO  [File:RepositoryConfigurationDelegate.java] [Func:registerRepositoriesIn] [Line:188] [Message:Finished Spring Data repository scanning in 22 ms. Found 0 JPA repository interfaces.]- Finished Spring Data repository scanning in 22 ms. Found 0 JPA repository interfaces.
13:31:19.236 INFO  [File:TomcatWebServer.java] [Func:initialize] [Line:108] [Message:Tomcat initialized with port(s): 9000 (http)]- Tomcat initialized with port(s): 9000 (http)
13:31:19.266 INFO  [File:DirectJDKLog.java] [Func:log] [Line:173] [Message:Initializing ProtocolHandler ["http-nio-9000"]]- Initializing ProtocolHandler ["http-nio-9000"]
13:31:19.272 INFO  [File:DirectJDKLog.java] [Func:log] [Line:173] [Message:Starting service [Tomcat]]- Starting service [Tomcat]
13:31:19.272 INFO  [File:DirectJDKLog.java] [Func:log] [Line:173] [Message:Starting Servlet engine: [Apache Tomcat/9.0.41]]- Starting Servlet engine: [Apache Tomcat/9.0.41]
13:31:19.421 INFO  [File:DirectJDKLog.java] [Func:log] [Line:173] [Message:Initializing Spring embedded WebApplicationContext]- Initializing Spring embedded WebApplicationContext
13:31:19.421 INFO  [File:ServletWebServerApplicationContext.java] [Func:prepareWebApplicationContext] [Line:289] [Message:Root WebApplicationContext: initialization completed in 3780 ms]- Root WebApplicationContext: initialization completed in 3780 ms
13:31:20.458 INFO  [File:HikariDataSource.java] [Func:getConnection] [Line:110] [Message:HikariPool-1 - Starting...]- HikariPool-1 - Starting...
13:31:21.964 INFO  [File:HikariDataSource.java] [Func:getConnection] [Line:123] [Message:HikariPool-1 - Start completed.]- HikariPool-1 - Start completed.
13:31:22.162 INFO  [File:LogHelper.java] [Func:logPersistenceUnitInformation] [Line:31] [Message:HHH000204: Processing PersistenceUnitInfo [name: default]]- HHH000204: Processing PersistenceUnitInfo [name: default]
13:31:22.424 INFO  [File:Version.java] [Func:logVersion] [Line:44] [Message:HHH000412: Hibernate ORM core version 5.4.27.Final]- HHH000412: Hibernate ORM core version 5.4.27.Final
13:31:22.949 INFO  [File:JavaReflectionManager.java] [Func:<clinit>] [Line:56] [Message:HCANN000001: Hibernate Commons Annotations {5.1.2.Final}]- HCANN000001: Hibernate Commons Annotations {5.1.2.Final}
13:31:23.312 INFO  [File:Dialect.java] [Func:<init>] [Line:175] [Message:HHH000400: Using dialect: org.hibernate.dialect.MySQL8Dialect]- HHH000400: Using dialect: org.hibernate.dialect.MySQL8Dialect
13:31:23.839 INFO  [File:JtaPlatformInitiator.java] [Func:initiateService] [Line:52] [Message:HHH000490: Using JtaPlatform implementation: [org.hibernate.engine.transaction.jta.platform.internal.NoJtaPlatform]]- HHH000490: Using JtaPlatform implementation: [org.hibernate.engine.transaction.jta.platform.internal.NoJtaPlatform]
13:31:23.876 INFO  [File:AbstractEntityManagerFactoryBean.java] [Func:buildNativeEntityManagerFactory] [Line:437] [Message:Initialized JPA EntityManagerFactory for persistence unit 'default']- Initialized JPA EntityManagerFactory for persistence unit 'default'
13:31:24.146 WARN  [File:JpaBaseConfiguration.java] [Func:openEntityManagerInViewInterceptor] [Line:221] [Message:spring.jpa.open-in-view is enabled by default. Therefore, database queries may be performed during view rendering. Explicitly configure spring.jpa.open-in-view to disable this warning]- spring.jpa.open-in-view is enabled by default. Therefore, database queries may be performed during view rendering. Explicitly configure spring.jpa.open-in-view to disable this warning
13:31:24.355 INFO  [File:UserDetailsServiceAutoConfiguration.java] [Func:getOrDeducePassword] [Line:86] [Message:

Using generated security password: d1c7a9d9-3575-459e-a93e-1382c04b66cc
]- 

Using generated security password: d1c7a9d9-3575-459e-a93e-1382c04b66cc

13:31:24.595 INFO  [File:DefaultSecurityFilterChain.java] [Func:<init>] [Line:51] [Message:Will secure any request with [org.springframework.security.web.context.request.async.WebAsyncManagerIntegrationFilter@23eff5d1, org.springframework.security.web.context.SecurityContextPersistenceFilter@3f049056, org.springframework.security.web.header.HeaderWriterFilter@5fe7f967, org.springframework.security.web.authentication.logout.LogoutFilter@131ff6fa, org.springframework.security.web.savedrequest.RequestCacheAwareFilter@3e1a3801, org.springframework.security.web.servletapi.SecurityContextHolderAwareRequestFilter@222afc67, org.springframework.security.web.authentication.AnonymousAuthenticationFilter@2e060819, org.springframework.security.web.session.SessionManagementFilter@38fc5554, org.springframework.security.web.access.ExceptionTranslationFilter@4867ab9f]]- Will secure any request with [org.springframework.security.web.context.request.async.WebAsyncManagerIntegrationFilter@23eff5d1, org.springframework.security.web.context.SecurityContextPersistenceFilter@3f049056, org.springframework.security.web.header.HeaderWriterFilter@5fe7f967, org.springframework.security.web.authentication.logout.LogoutFilter@131ff6fa, org.springframework.security.web.savedrequest.RequestCacheAwareFilter@3e1a3801, org.springframework.security.web.servletapi.SecurityContextHolderAwareRequestFilter@222afc67, org.springframework.security.web.authentication.AnonymousAuthenticationFilter@2e060819, org.springframework.security.web.session.SessionManagementFilter@38fc5554, org.springframework.security.web.access.ExceptionTranslationFilter@4867ab9f]
13:31:24.958 INFO  [File:ExecutorConfigurationSupport.java] [Func:initialize] [Line:181] [Message:Initializing ExecutorService 'applicationTaskExecutor']- Initializing ExecutorService 'applicationTaskExecutor'
13:31:25.518 INFO  [File:DirectJDKLog.java] [Func:log] [Line:173] [Message:Starting ProtocolHandler ["http-nio-9000"]]- Starting ProtocolHandler ["http-nio-9000"]
13:31:25.591 INFO  [File:TomcatWebServer.java] [Func:start] [Line:220] [Message:Tomcat started on port(s): 9000 (http) with context path '']- Tomcat started on port(s): 9000 (http) with context path ''
HEAP Size(M) : 34 MB
13:31:46.484 INFO  [File:DirectJDKLog.java] [Func:log] [Line:173] [Message:Initializing Spring DispatcherServlet 'dispatcherServlet']- Initializing Spring DispatcherServlet 'dispatcherServlet'
13:31:46.485 INFO  [File:FrameworkServlet.java] [Func:initServletBean] [Line:525] [Message:Initializing Servlet 'dispatcherServlet']- Initializing Servlet 'dispatcherServlet'
13:31:46.487 INFO  [File:FrameworkServlet.java] [Func:initServletBean] [Line:547] [Message:Completed initialization in 2 ms]- Completed initialization in 2 ms
테스트
13:31:46.758 WARN  [File:TestController.java] [Func:getAll] [Line:35] [Message:Warn Level 테스트]- Warn Level 테스트
13:31:46.761 ERROR [File:TestController.java] [Func:getAll] [Line:38] [Message:ERROR Level 테스트]- ERROR Level 테스트
13:50:57.369 WARN  [File:HikariPool.java] [Func:run] [Line:787] [Message:HikariPool-1 - Thread starvation or clock leap detected (housekeeper delta=1m7s989ms908µs181ns).]- HikariPool-1 - Thread starvation or clock leap detected (housekeeper delta=1m7s989ms908µs181ns).
13:59:42.915 WARN  [File:HikariPool.java] [Func:run] [Line:787] [Message:HikariPool-1 - Thread starvation or clock leap detected (housekeeper delta=24m55s922ms854µs197ns).]- HikariPool-1 - Thread starvation or clock leap detected (housekeeper delta=24m55s922ms854µs197ns).
14:00:44.197 WARN  [File:HikariPool.java] [Func:run] [Line:787] [Message:HikariPool-1 - Thread starvation or clock leap detected (housekeeper delta=1m1s191ms138µs932ns).]- HikariPool-1 - Thread starvation or clock leap detected (housekeeper delta=1m1s191ms138µs932ns).
테스트
14:07:56.158 WARN  [File:TestController.java] [Func:getAll] [Line:35] [Message:Warn Level 테스트]- Warn Level 테스트
14:20:17.876 WARN  [File:HikariPool.java] [Func:run] [Line:787] [Message:HikariPool-1 - Thread starvation or clock leap detected (housekeeper delta=19m4s513ms46µs12ns).]- HikariPool-1 - Thread starvation or clock leap detected (housekeeper delta=19m4s513ms46µs12ns).
14:27:59.865 WARN  [File:HikariPool.java] [Func:run] [Line:787] [Message:HikariPool-1 - Thread starvation or clock leap detected (housekeeper delta=8m11s704ms67µs230ns).]- HikariPool-1 - Thread starvation or clock leap detected (housekeeper delta=8m11s704ms67µs230ns).
14:21:11.524 ERROR [File:TestController.java] [Func:getAll] [Line:38] [Message:ERROR Level 테스트]- ERROR Level 테스트
14:29:29.378 WARN  [File:HikariPool.java] [Func:run] [Line:787] [Message:HikariPool-1 - Thread starvation or clock leap detected (housekeeper delta=1m25s609ms446µs214ns).]- HikariPool-1 - Thread starvation or clock leap detected (housekeeper delta=1m25s609ms446µs214ns).
14:37:01.785 WARN  [File:HikariPool.java] [Func:run] [Line:787] [Message:HikariPool-1 - Thread starvation or clock leap detected (housekeeper delta=7m12s999ms552µs203ns).]- HikariPool-1 - Thread starvation or clock leap detected (housekeeper delta=7m12s999ms552µs203ns).
14:42:25.353 WARN  [File:HikariPool.java] [Func:run] [Line:787] [Message:HikariPool-1 - Thread starvation or clock leap detected (housekeeper delta=5m32s516ms570µs11ns).]- HikariPool-1 - Thread starvation or clock leap detected (housekeeper delta=5m32s516ms570µs11ns).
14:45:02.959 WARN  [File:HikariPool.java] [Func:run] [Line:787] [Message:HikariPool-1 - Thread starvation or clock leap detected (housekeeper delta=2m50s943ms44µs441ns).]- HikariPool-1 - Thread starvation or clock leap detected (housekeeper delta=2m50s943ms44µs441ns).
14:46:47.256 WARN  [File:HikariPool.java] [Func:run] [Line:787] [Message:HikariPool-1 - Thread starvation or clock leap detected (housekeeper delta=1m44s757ms573µs67ns).]- HikariPool-1 - Thread starvation or clock leap detected (housekeeper delta=1m44s757ms573µs67ns).
14:48:27.808 WARN  [File:HikariPool.java] [Func:run] [Line:787] [Message:HikariPool-1 - Thread starvation or clock leap detected (housekeeper delta=1m40s440ms942µs361ns).]- HikariPool-1 - Thread starvation or clock leap detected (housekeeper delta=1m40s440ms942µs361ns).
14:50:39.099 WARN  [File:HikariPool.java] [Func:run] [Line:787] [Message:HikariPool-1 - Thread starvation or clock leap detected (housekeeper delta=2m11s741ms46µs942ns).]- HikariPool-1 - Thread starvation or clock leap detected (housekeeper delta=2m11s741ms46µs942ns).
14:52:35.657 WARN  [File:HikariPool.java] [Func:run] [Line:787] [Message:HikariPool-1 - Thread starvation or clock leap detected (housekeeper delta=1m42s721ms729µs245ns).]- HikariPool-1 - Thread starvation or clock leap detected (housekeeper delta=1m42s721ms729µs245ns).
14:55:52.075 WARN  [File:HikariPool.java] [Func:run] [Line:787] [Message:HikariPool-1 - Thread starvation or clock leap detected (housekeeper delta=2m12s602ms670µs396ns).]- HikariPool-1 - Thread starvation or clock leap detected (housekeeper delta=2m12s602ms670µs396ns).
14:57:56.934 WARN  [File:HikariPool.java] [Func:run] [Line:787] [Message:HikariPool-1 - Thread starvation or clock leap detected (housekeeper delta=3m22s505ms781µs341ns).]- HikariPool-1 - Thread starvation or clock leap detected (housekeeper delta=3m22s505ms781µs341ns).
15:00:42.182 WARN  [File:HikariPool.java] [Func:run] [Line:787] [Message:HikariPool-1 - Thread starvation or clock leap detected (housekeeper delta=2m43s673ms344µs892ns).]- HikariPool-1 - Thread starvation or clock leap detected (housekeeper delta=2m43s673ms344µs892ns).
15:02:31.651 WARN  [File:HikariPool.java] [Func:run] [Line:787] [Message:HikariPool-1 - Thread starvation or clock leap detected (housekeeper delta=1m50s609ms802µs943ns).]- HikariPool-1 - Thread starvation or clock leap detected (housekeeper delta=1m50s609ms802µs943ns).
15:05:11.805 WARN  [File:HikariPool.java] [Func:run] [Line:787] [Message:HikariPool-1 - Thread starvation or clock leap detected (housekeeper delta=2m19s941ms722µs340ns).]- HikariPool-1 - Thread starvation or clock leap detected (housekeeper delta=2m19s941ms722µs340ns).
15:06:57.976 WARN  [File:HikariPool.java] [Func:run] [Line:787] [Message:HikariPool-1 - Thread starvation or clock leap detected (housekeeper delta=1m49s602ms469µs182ns).]- HikariPool-1 - Thread starvation or clock leap detected (housekeeper delta=1m49s602ms469µs182ns).
15:10:45.127 WARN  [File:HikariPool.java] [Func:run] [Line:787] [Message:HikariPool-1 - Thread starvation or clock leap detected (housekeeper delta=2m57s802ms899µs743ns).]- HikariPool-1 - Thread starvation or clock leap detected (housekeeper delta=2m57s802ms899µs743ns).
15:15:13.369 WARN  [File:HikariPool.java] [Func:run] [Line:787] [Message:HikariPool-1 - Thread starvation or clock leap detected (housekeeper delta=5m29s407ms488µs680ns).]- HikariPool-1 - Thread starvation or clock leap detected (housekeeper delta=5m29s407ms488µs680ns).
15:21:59.037 WARN  [File:HikariPool.java] [Func:run] [Line:787] [Message:HikariPool-1 - Thread starvation or clock leap detected (housekeeper delta=6m24s799ms193µs425ns).]- HikariPool-1 - Thread starvation or clock leap detected (housekeeper delta=6m24s799ms193µs425ns).
15:25:52.016 WARN  [File:HikariPool.java] [Func:run] [Line:787] [Message:HikariPool-1 - Thread starvation or clock leap detected (housekeeper delta=3m57s280ms578µs940ns).]- HikariPool-1 - Thread starvation or clock leap detected (housekeeper delta=3m57s280ms578µs940ns).
15:29:12.363 WARN  [File:HikariPool.java] [Func:run] [Line:787] [Message:HikariPool-1 - Thread starvation or clock leap detected (housekeeper delta=3m40s939ms794µs972ns).]- HikariPool-1 - Thread starvation or clock leap detected (housekeeper delta=3m40s939ms794µs972ns).
15:31:59.079 WARN  [File:HikariPool.java] [Func:run] [Line:787] [Message:HikariPool-1 - Thread starvation or clock leap detected (housekeeper delta=2m47s520ms33µs367ns).]- HikariPool-1 - Thread starvation or clock leap detected (housekeeper delta=2m47s520ms33µs367ns).
15:35:24.505 WARN  [File:HikariPool.java] [Func:run] [Line:787] [Message:HikariPool-1 - Thread starvation or clock leap detected (housekeeper delta=3m10s336ms888µs841ns).]- HikariPool-1 - Thread starvation or clock leap detected (housekeeper delta=3m10s336ms888µs841ns).
15:38:16.896 WARN  [File:HikariPool.java] [Func:run] [Line:787] [Message:HikariPool-1 - Thread starvation or clock leap detected (housekeeper delta=2m39s938ms252µs458ns).]- HikariPool-1 - Thread starvation or clock leap detected (housekeeper delta=2m39s938ms252µs458ns).
15:40:51.597 WARN  [File:HikariPool.java] [Func:run] [Line:787] [Message:HikariPool-1 - Thread starvation or clock leap detected (housekeeper delta=2m38s752ms100µs656ns).]- HikariPool-1 - Thread starvation or clock leap detected (housekeeper delta=2m38s752ms100µs656ns).
15:44:27.342 WARN  [File:HikariPool.java] [Func:run] [Line:787] [Message:HikariPool-1 - Thread starvation or clock leap detected (housekeeper delta=3m39s945ms294µs857ns).]- HikariPool-1 - Thread starvation or clock leap detected (housekeeper delta=3m39s945ms294µs857ns).
15:49:54.460 WARN  [File:HikariPool.java] [Func:run] [Line:787] [Message:HikariPool-1 - Thread starvation or clock leap detected (housekeeper delta=5m46s775ms572µs31ns).]- HikariPool-1 - Thread starvation or clock leap detected (housekeeper delta=5m46s775ms572µs31ns).
15:52:02.453 WARN  [File:HikariPool.java] [Func:run] [Line:787] [Message:HikariPool-1 - Thread starvation or clock leap detected (housekeeper delta=2m6s715ms856µs949ns).]- HikariPool-1 - Thread starvation or clock leap detected (housekeeper delta=2m6s715ms856µs949ns).
15:56:21.323 WARN  [File:HikariPool.java] [Func:run] [Line:787] [Message:HikariPool-1 - Thread starvation or clock leap detected (housekeeper delta=3m48s717ms990µs941ns).]- HikariPool-1 - Thread starvation or clock leap detected (housekeeper delta=3m48s717ms990µs941ns).
16:01:42.470 WARN  [File:HikariPool.java] [Func:run] [Line:787] [Message:HikariPool-1 - Thread starvation or clock leap detected (housekeeper delta=5m36s945ms54µs55ns).]- HikariPool-1 - Thread starvation or clock leap detected (housekeeper delta=5m36s945ms54µs55ns).
16:07:27.174 WARN  [File:HikariPool.java] [Func:run] [Line:787] [Message:HikariPool-1 - Thread starvation or clock leap detected (housekeeper delta=5m53s386ms321µs775ns).]- HikariPool-1 - Thread starvation or clock leap detected (housekeeper delta=5m53s386ms321µs775ns).
16:09:38.292 WARN  [File:HikariPool.java] [Func:run] [Line:787] [Message:HikariPool-1 - Thread starvation or clock leap detected (housekeeper delta=2m6s449ms106µs483ns).]- HikariPool-1 - Thread starvation or clock leap detected (housekeeper delta=2m6s449ms106µs483ns).
16:11:43.711 WARN  [File:HikariPool.java] [Func:run] [Line:787] [Message:HikariPool-1 - Thread starvation or clock leap detected (housekeeper delta=2m4s577ms344µs342ns).]- HikariPool-1 - Thread starvation or clock leap detected (housekeeper delta=2m4s577ms344µs342ns).
16:13:38.001 WARN  [File:HikariPool.java] [Func:run] [Line:787] [Message:HikariPool-1 - Thread starvation or clock leap detected (housekeeper delta=1m56s910ms740µs582ns).]- HikariPool-1 - Thread starvation or clock leap detected (housekeeper delta=1m56s910ms740µs582ns).
16:15:30.143 WARN  [File:HikariPool.java] [Func:run] [Line:787] [Message:HikariPool-1 - Thread starvation or clock leap detected (housekeeper delta=1m56s60ms299µs241ns).]- HikariPool-1 - Thread starvation or clock leap detected (housekeeper delta=1m56s60ms299µs241ns).
16:17:20.774 WARN  [File:HikariPool.java] [Func:run] [Line:787] [Message:HikariPool-1 - Thread starvation or clock leap detected (housekeeper delta=1m24s55ms647µs395ns).]- HikariPool-1 - Thread starvation or clock leap detected (housekeeper delta=1m24s55ms647µs395ns).
16:19:41.280 WARN  [File:HikariPool.java] [Func:run] [Line:787] [Message:HikariPool-1 - Thread starvation or clock leap detected (housekeeper delta=2m53s60ms834µs923ns).]- HikariPool-1 - Thread starvation or clock leap detected (housekeeper delta=2m53s60ms834µs923ns).
16:22:01.700 WARN  [File:HikariPool.java] [Func:run] [Line:787] [Message:HikariPool-1 - Thread starvation or clock leap detected (housekeeper delta=2m12s997ms360µs612ns).]- HikariPool-1 - Thread starvation or clock leap detected (housekeeper delta=2m12s997ms360µs612ns).
16:23:39.199 WARN  [File:HikariPool.java] [Func:run] [Line:787] [Message:HikariPool-1 - Thread starvation or clock leap detected (housekeeper delta=1m44s662ms241µs484ns).]- HikariPool-1 - Thread starvation or clock leap detected (housekeeper delta=1m44s662ms241µs484ns).
16:25:26.891 WARN  [File:HikariPool.java] [Func:run] [Line:787] [Message:HikariPool-1 - Thread starvation or clock leap detected (housekeeper delta=1m37s313ms423µs629ns).]- HikariPool-1 - Thread starvation or clock leap detected (housekeeper delta=1m37s313ms423µs629ns).
16:26:33.750 WARN  [File:HikariPool.java] [Func:run] [Line:787] [Message:HikariPool-1 - Thread starvation or clock leap detected (housekeeper delta=1m17s590ms328µs492ns).]- HikariPool-1 - Thread starvation or clock leap detected (housekeeper delta=1m17s590ms328µs492ns).
16:28:21.841 WARN  [File:HikariPool.java] [Func:run] [Line:787] [Message:HikariPool-1 - Thread starvation or clock leap detected (housekeeper delta=1m41s419ms365µs13ns).]- HikariPool-1 - Thread starvation or clock leap detected (housekeeper delta=1m41s419ms365µs13ns).
16:30:05.584 WARN  [File:HikariPool.java] [Func:run] [Line:787] [Message:HikariPool-1 - Thread starvation or clock leap detected (housekeeper delta=1m45s482ms7µs218ns).]- HikariPool-1 - Thread starvation or clock leap detected (housekeeper delta=1m45s482ms7µs218ns).
16:31:52.809 WARN  [File:HikariPool.java] [Func:run] [Line:787] [Message:HikariPool-1 - Thread starvation or clock leap detected (housekeeper delta=1m43s692ms304µs833ns).]- HikariPool-1 - Thread starvation or clock leap detected (housekeeper delta=1m43s692ms304µs833ns).
16:33:40.667 WARN  [File:HikariPool.java] [Func:run] [Line:787] [Message:HikariPool-1 - Thread starvation or clock leap detected (housekeeper delta=1m46s771ms798µs223ns).]- HikariPool-1 - Thread starvation or clock leap detected (housekeeper delta=1m46s771ms798µs223ns).
16:35:29.409 WARN  [File:HikariPool.java] [Func:run] [Line:787] [Message:HikariPool-1 - Thread starvation or clock leap detected (housekeeper delta=1m52s740ms755µs62ns).]- HikariPool-1 - Thread starvation or clock leap detected (housekeeper delta=1m52s740ms755µs62ns).
16:37:24.219 WARN  [File:HikariPool.java] [Func:run] [Line:787] [Message:HikariPool-1 - Thread starvation or clock leap detected (housekeeper delta=1m55s300ms528µs470ns).]- HikariPool-1 - Thread starvation or clock leap detected (housekeeper delta=1m55s300ms528µs470ns).
16:39:05.522 WARN  [File:HikariPool.java] [Func:run] [Line:787] [Message:HikariPool-1 - Thread starvation or clock leap detected (housekeeper delta=1m21s166ms144µs922ns).]- HikariPool-1 - Thread starvation or clock leap detected (housekeeper delta=1m21s166ms144µs922ns).
16:45:29.007 WARN  [File:HikariPool.java] [Func:run] [Line:787] [Message:HikariPool-1 - Thread starvation or clock leap detected (housekeeper delta=5m26s694ms582µs849ns).]- HikariPool-1 - Thread starvation or clock leap detected (housekeeper delta=5m26s694ms582µs849ns).
16:47:27.086 WARN  [File:HikariPool.java] [Func:run] [Line:787] [Message:HikariPool-1 - Thread starvation or clock leap detected (housekeeper delta=3m16s986ms412µs243ns).]- HikariPool-1 - Thread starvation or clock leap detected (housekeeper delta=3m16s986ms412µs243ns).
16:49:19.067 WARN  [File:HikariPool.java] [Func:run] [Line:787] [Message:HikariPool-1 - Thread starvation or clock leap detected (housekeeper delta=1m54s660ms552µs322ns).]- HikariPool-1 - Thread starvation or clock leap detected (housekeeper delta=1m54s660ms552µs322ns).
16:51:39.543 WARN  [File:HikariPool.java] [Func:run] [Line:787] [Message:HikariPool-1 - Thread starvation or clock leap detected (housekeeper delta=2m15s666ms847µs353ns).]- HikariPool-1 - Thread starvation or clock leap detected (housekeeper delta=2m15s666ms847µs353ns).
16:53:34.974 WARN  [File:HikariPool.java] [Func:run] [Line:787] [Message:HikariPool-1 - Thread starvation or clock leap detected (housekeeper delta=1m53s30ms715µs193ns).]- HikariPool-1 - Thread starvation or clock leap detected (housekeeper delta=1m53s30ms715µs193ns).
16:54:55.690 WARN  [File:HikariPool.java] [Func:run] [Line:787] [Message:HikariPool-1 - Thread starvation or clock leap detected (housekeeper delta=1m28s55ms226µs217ns).]- HikariPool-1 - Thread starvation or clock leap detected (housekeeper delta=1m28s55ms226µs217ns).
16:56:39.183 WARN  [File:HikariPool.java] [Func:run] [Line:787] [Message:HikariPool-1 - Thread starvation or clock leap detected (housekeeper delta=1m33s764ms22µs707ns).]- HikariPool-1 - Thread starvation or clock leap detected (housekeeper delta=1m33s764ms22µs707ns).
16:58:07.528 WARN  [File:HikariPool.java] [Func:run] [Line:787] [Message:HikariPool-1 - Thread starvation or clock leap detected (housekeeper delta=1m31s84ms535µs469ns).]- HikariPool-1 - Thread starvation or clock leap detected (housekeeper delta=1m31s84ms535µs469ns).
17:00:05.808 WARN  [File:HikariPool.java] [Func:run] [Line:787] [Message:HikariPool-1 - Thread starvation or clock leap detected (housekeeper delta=1m54s760ms341µs981ns).]- HikariPool-1 - Thread starvation or clock leap detected (housekeeper delta=1m54s760ms341µs981ns).
17:02:13.146 WARN  [File:HikariPool.java] [Func:run] [Line:787] [Message:HikariPool-1 - Thread starvation or clock leap detected (housekeeper delta=2m7s338ms668µs358ns).]- HikariPool-1 - Thread starvation or clock leap detected (housekeeper delta=2m7s338ms668µs358ns).
17:03:34.752 WARN  [File:HikariPool.java] [Func:run] [Line:787] [Message:HikariPool-1 - Thread starvation or clock leap detected (housekeeper delta=1m25s865ms360µs784ns).]- HikariPool-1 - Thread starvation or clock leap detected (housekeeper delta=1m25s865ms360µs784ns).
17:05:24.253 WARN  [File:HikariPool.java] [Func:run] [Line:787] [Message:HikariPool-1 - Thread starvation or clock leap detected (housekeeper delta=1m49s301ms338µs796ns).]- HikariPool-1 - Thread starvation or clock leap detected (housekeeper delta=1m49s301ms338µs796ns).
17:07:18.774 WARN  [File:HikariPool.java] [Func:run] [Line:787] [Message:HikariPool-1 - Thread starvation or clock leap detected (housekeeper delta=2m349ms479µs3ns).]- HikariPool-1 - Thread starvation or clock leap detected (housekeeper delta=2m349ms479µs3ns).
17:08:15.804 WARN  [File:HikariPool.java] [Func:run] [Line:787] [Message:HikariPool-1 - Thread starvation or clock leap detected (housekeeper delta=58s277µs50ns).]- HikariPool-1 - Thread starvation or clock leap detected (housekeeper delta=58s277µs50ns).
17:09:44.639 WARN  [File:HikariPool.java] [Func:run] [Line:787] [Message:HikariPool-1 - Thread starvation or clock leap detected (housekeeper delta=1m21s16ms78µs245ns).]- HikariPool-1 - Thread starvation or clock leap detected (housekeeper delta=1m21s16ms78µs245ns).
17:11:35.830 WARN  [File:HikariPool.java] [Func:run] [Line:787] [Message:HikariPool-1 - Thread starvation or clock leap detected (housekeeper delta=1m32s434ms73µs477ns).]- HikariPool-1 - Thread starvation or clock leap detected (housekeeper delta=1m32s434ms73µs477ns).
17:13:25.381 WARN  [File:HikariPool.java] [Func:run] [Line:787] [Message:HikariPool-1 - Thread starvation or clock leap detected (housekeeper delta=2m15s227ms169µs102ns).]- HikariPool-1 - Thread starvation or clock leap detected (housekeeper delta=2m15s227ms169µs102ns).
17:14:42.509 WARN  [File:HikariPool.java] [Func:run] [Line:787] [Message:HikariPool-1 - Thread starvation or clock leap detected (housekeeper delta=56s930ms160µs809ns).]- HikariPool-1 - Thread starvation or clock leap detected (housekeeper delta=56s930ms160µs809ns).
17:16:10.213 WARN  [File:HikariPool.java] [Func:run] [Line:787] [Message:HikariPool-1 - Thread starvation or clock leap detected (housekeeper delta=1m48s641ms864µs789ns).]- HikariPool-1 - Thread starvation or clock leap detected (housekeeper delta=1m48s641ms864µs789ns).
17:17:18.502 WARN  [File:HikariPool.java] [Func:run] [Line:787] [Message:HikariPool-1 - Thread starvation or clock leap detected (housekeeper delta=56s640ms157µs23ns).]- HikariPool-1 - Thread starvation or clock leap detected (housekeeper delta=56s640ms157µs23ns).
17:18:17.502 WARN  [File:HikariPool.java] [Func:run] [Line:787] [Message:HikariPool-1 - Thread starvation or clock leap detected (housekeeper delta=1m10s888ms42µs643ns).]- HikariPool-1 - Thread starvation or clock leap detected (housekeeper delta=1m10s888ms42µs643ns).
17:19:05.764 WARN  [File:HikariPool.java] [Func:run] [Line:787] [Message:HikariPool-1 - Thread starvation or clock leap detected (housekeeper delta=47s742ms12µs397ns).]- HikariPool-1 - Thread starvation or clock leap detected (housekeeper delta=47s742ms12µs397ns).
17:20:12.702 WARN  [File:HikariPool.java] [Func:run] [Line:787] [Message:HikariPool-1 - Thread starvation or clock leap detected (housekeeper delta=1m1s779ms309µs255ns).]- HikariPool-1 - Thread starvation or clock leap detected (housekeeper delta=1m1s779ms309µs255ns).
17:21:19.061 WARN  [File:HikariPool.java] [Func:run] [Line:787] [Message:HikariPool-1 - Thread starvation or clock leap detected (housekeeper delta=1m11s767ms833µs619ns).]- HikariPool-1 - Thread starvation or clock leap detected (housekeeper delta=1m11s767ms833µs619ns).
17:22:07.183 WARN  [File:HikariPool.java] [Func:run] [Line:787] [Message:HikariPool-1 - Thread starvation or clock leap detected (housekeeper delta=47s101ms981µs870ns).]- HikariPool-1 - Thread starvation or clock leap detected (housekeeper delta=47s101ms981µs870ns).
17:22:56.434 WARN  [File:HikariPool.java] [Func:run] [Line:787] [Message:HikariPool-1 - Thread starvation or clock leap detected (housekeeper delta=50s191ms487µs997ns).]- HikariPool-1 - Thread starvation or clock leap detected (housekeeper delta=50s191ms487µs997ns).
17:23:53.965 WARN  [File:HikariPool.java] [Func:run] [Line:787] [Message:HikariPool-1 - Thread starvation or clock leap detected (housekeeper delta=55s380ms426µs902ns).]- HikariPool-1 - Thread starvation or clock leap detected (housekeeper delta=55s380ms426µs902ns).
17:24:39.817 WARN  [File:HikariPool.java] [Func:run] [Line:787] [Message:HikariPool-1 - Thread starvation or clock leap detected (housekeeper delta=48s461ms863µs219ns).]- HikariPool-1 - Thread starvation or clock leap detected (housekeeper delta=48s461ms863µs219ns).
17:25:42.906 WARN  [File:HikariPool.java] [Func:run] [Line:787] [Message:HikariPool-1 - Thread starvation or clock leap detected (housekeeper delta=1m1s459ms527µs502ns).]- HikariPool-1 - Thread starvation or clock leap detected (housekeeper delta=1m1s459ms527µs502ns).
17:26:35.167 WARN  [File:HikariPool.java] [Func:run] [Line:787] [Message:HikariPool-1 - Thread starvation or clock leap detected (housekeeper delta=51s251ms298µs546ns).]- HikariPool-1 - Thread starvation or clock leap detected (housekeeper delta=51s251ms298µs546ns).
17:27:40.656 WARN  [File:HikariPool.java] [Func:run] [Line:787] [Message:HikariPool-1 - Thread starvation or clock leap detected (housekeeper delta=1m5s508ms915µs71ns).]- HikariPool-1 - Thread starvation or clock leap detected (housekeeper delta=1m5s508ms915µs71ns).
17:28:35.297 WARN  [File:HikariPool.java] [Func:run] [Line:787] [Message:HikariPool-1 - Thread starvation or clock leap detected (housekeeper delta=55s130ms633µs946ns).]- HikariPool-1 - Thread starvation or clock leap detected (housekeeper delta=55s130ms633µs946ns).
17:29:40.336 WARN  [File:HikariPool.java] [Func:run] [Line:787] [Message:HikariPool-1 - Thread starvation or clock leap detected (housekeeper delta=1m5s318ms969µs139ns).]- HikariPool-1 - Thread starvation or clock leap detected (housekeeper delta=1m5s318ms969µs139ns).
17:30:38.376 WARN  [File:HikariPool.java] [Func:run] [Line:787] [Message:HikariPool-1 - Thread starvation or clock leap detected (housekeeper delta=57s280ms180µs7ns).]- HikariPool-1 - Thread starvation or clock leap detected (housekeeper delta=57s280ms180µs7ns).
17:31:23.308 WARN  [File:HikariPool.java] [Func:run] [Line:787] [Message:HikariPool-1 - Thread starvation or clock leap detected (housekeeper delta=45s532ms160µs235ns).]- HikariPool-1 - Thread starvation or clock leap detected (housekeeper delta=45s532ms160µs235ns).
02:37:54.998 INFO  [File:ExecutorConfigurationSupport.java] [Func:shutdown] [Line:218] [Message:Shutting down ExecutorService 'applicationTaskExecutor']- Shutting down ExecutorService 'applicationTaskExecutor'
02:37:55.006 INFO  [File:AbstractEntityManagerFactoryBean.java] [Func:destroy] [Line:651] [Message:Closing JPA EntityManagerFactory for persistence unit 'default']- Closing JPA EntityManagerFactory for persistence unit 'default'
02:37:55.026 INFO  [File:HikariDataSource.java] [Func:close] [Line:350] [Message:HikariPool-1 - Shutdown initiated...]- HikariPool-1 - Shutdown initiated...
02:38:03.777 INFO  [File:HikariDataSource.java] [Func:close] [Line:352] [Message:HikariPool-1 - Shutdown completed.]- HikariPool-1 - Shutdown completed.
